<?xml version="1.0" encoding="UTF-8"?>
<TestRun id="51543032-dc53-4db9-a9de-3ccb73ec3ea2" name="senthurans@M-SKALU-LT 2013-08-06 10:51:32" runUser="PRIVERUS\senthurans" xmlns="http://microsoft.com/schemas/VisualStudio/TeamTest/2010">
  <TestSettings name="Local" id="b29f986e-3e84-4d7d-8dfc-b37bec7f3afd">
    <Description>These are default test settings for a local test run.</Description>
    <Deployment enabled="false" runDeploymentRoot="senthurans_M-SKALU-LT 2013-08-06 10_51_32">
      <DeploymentItem filename="C:\Projects\MyLib\MyLib\bin\Debug\MyLib.dll" />
    </Deployment>
    <Execution>
      <TestTypeSpecific />
      <AgentRule name="Execution Agents">
      </AgentRule>
    </Execution>
  </TestSettings>
  <Times creation="2013-08-06T10:51:32.2716764-04:00" queuing="2013-08-06T10:51:33.4260784-04:00" start="2013-08-06T10:51:33.6288788-04:00" finish="2013-08-06T10:52:28.4161750-04:00" />
  <ResultSummary outcome="Error">
    <Counters total="2" executed="2" passed="1" error="0" failed="0" timeout="0" aborted="1" inconclusive="0" passedButRunAborted="0" notRunnable="0" notExecuted="0" disconnected="0" warning="0" completed="0" inProgress="0" pending="0" />
    <RunInfos>
      <RunInfo computerName="M-SKALU-LT" outcome="Error" timestamp="2013-08-06T10:52:28.4161750-04:00">
        <Text>Test host process exited unexpectedly.</Text>
      </RunInfo>
    </RunInfos>
  </ResultSummary>
  <TestDefinitions>
    <UnitTest name="TestMethod2" storage="c:\projects\mylib\mytest\bin\debug\mytest.dll" id="cf18fab8-2927-0cd9-a589-2d8d10636953">
      <Execution id="dec52f7e-f268-47c4-b5ae-1d96f98de802" />
      <TestMethod codeBase="C:/Projects/MyLib/MyTest/bin/Debug/MyTest.DLL" adapterTypeName="Microsoft.VisualStudio.TestTools.TestTypes.Unit.UnitTestAdapter, Microsoft.VisualStudio.QualityTools.Tips.UnitTest.Adapter, Version=10.0.0.0, Culture=neutral, PublicKeyToken=b03f5f7f11d50a3a" className="MyTest.UnitTest1, MyTest, Version=1.0.0.0, Culture=neutral, PublicKeyToken=null" name="TestMethod2" />
    </UnitTest>
    <UnitTest name="TestMethod1" storage="c:\projects\mylib\mytest\bin\debug\mytest.dll" id="a0f80cf8-aa0b-8e1b-9ac0-c4b01b30f2be">
      <Execution id="80cb7a73-3479-42b5-bbd9-5e1cdb4bb2b0" />
      <TestMethod codeBase="C:/Projects/MyLib/MyTest/bin/Debug/MyTest.DLL" adapterTypeName="Microsoft.VisualStudio.TestTools.TestTypes.Unit.UnitTestAdapter, Microsoft.VisualStudio.QualityTools.Tips.UnitTest.Adapter, Version=10.0.0.0, Culture=neutral, PublicKeyToken=b03f5f7f11d50a3a" className="MyTest.UnitTest1, MyTest, Version=1.0.0.0, Culture=neutral, PublicKeyToken=null" name="TestMethod1" />
    </UnitTest>
  </TestDefinitions>
  <TestLists>
    <TestList name="Results Not in a List" id="8c84fa94-04c1-424b-9868-57a2d4851a1d" />
    <TestList name="All Loaded Results" id="19431567-8539-422a-85d7-44ee4e166bda" />
  </TestLists>
  <TestEntries>
    <TestEntry testId="a0f80cf8-aa0b-8e1b-9ac0-c4b01b30f2be" executionId="80cb7a73-3479-42b5-bbd9-5e1cdb4bb2b0" testListId="8c84fa94-04c1-424b-9868-57a2d4851a1d" />
    <TestEntry testId="cf18fab8-2927-0cd9-a589-2d8d10636953" executionId="dec52f7e-f268-47c4-b5ae-1d96f98de802" testListId="8c84fa94-04c1-424b-9868-57a2d4851a1d" />
  </TestEntries>
  <Results>
    <UnitTestResult executionId="80cb7a73-3479-42b5-bbd9-5e1cdb4bb2b0" testId="a0f80cf8-aa0b-8e1b-9ac0-c4b01b30f2be" testName="TestMethod1" computerName="M-SKALU-LT" duration="00:00:04.0607539" startTime="2013-08-06T10:51:34.2684799-04:00" endTime="2013-08-06T10:51:39.7752896-04:00" testType="13cdc9d9-ddb5-4fa4-a97d-d965ccfc6d4b" outcome="Passed" testListId="8c84fa94-04c1-424b-9868-57a2d4851a1d" relativeResultsDirectory="80cb7a73-3479-42b5-bbd9-5e1cdb4bb2b0">
    </UnitTestResult>
    <UnitTestResult executionId="dec52f7e-f268-47c4-b5ae-1d96f98de802" testId="cf18fab8-2927-0cd9-a589-2d8d10636953" testName="TestMethod2" computerName="M-SKALU-LT" duration="00:00:48.6252854" startTime="2013-08-06T10:51:39.7908896-04:00" endTime="2013-08-06T10:52:28.4161750-04:00" testType="13cdc9d9-ddb5-4fa4-a97d-d965ccfc6d4b" outcome="Aborted" testListId="8c84fa94-04c1-424b-9868-57a2d4851a1d" relativeResultsDirectory="dec52f7e-f268-47c4-b5ae-1d96f98de802">
    </UnitTestResult>
  </Results>
</TestRun>