<?xml version="1.0" encoding="UTF-8"?>
<TestRun id="cd434065-cad9-4fda-8084-33acd156e9e8" name="senthurans@M-SKALU-LT 2013-08-06 11:00:41" runUser="PRIVERUS\senthurans" xmlns="http://microsoft.com/schemas/VisualStudio/TeamTest/2010">
  <TestSettings name="Local" id="b29f986e-3e84-4d7d-8dfc-b37bec7f3afd">
    <Description>These are default test settings for a local test run.</Description>
    <Deployment enabled="false" runDeploymentRoot="senthurans_M-SKALU-LT 2013-08-06 11_00_41">
      <DeploymentItem filename="C:\Projects\MyLib\MyLib\bin\Debug\MyLib.dll" />
    </Deployment>
    <Execution>
      <TestTypeSpecific />
      <AgentRule name="Execution Agents">
      </AgentRule>
    </Execution>
  </TestSettings>
  <Times creation="2013-08-06T11:00:41.8506308-04:00" queuing="2013-08-06T11:00:43.1142330-04:00" start="2013-08-06T11:00:43.3326334-04:00" finish="2013-08-06T11:00:52.5124628-04:00" />
  <ResultSummary outcome="Completed">
    <Counters total="3" executed="3" passed="3" error="0" failed="0" timeout="0" aborted="0" inconclusive="0" passedButRunAborted="0" notRunnable="0" notExecuted="0" disconnected="0" warning="0" completed="0" inProgress="0" pending="0" />
  </ResultSummary>
  <TestDefinitions>
    <UnitTest name="TestMethod3" storage="c:\projects\mylib\mytest\bin\debug\mytest.dll" id="099b3509-6376-6e80-75a4-d8a6f6161cef">
      <Execution id="07111fd1-420c-496d-b77a-7776826c68a6" />
      <TestMethod codeBase="C:/Projects/MyLib/MyTest/bin/Debug/MyTest.DLL" adapterTypeName="Microsoft.VisualStudio.TestTools.TestTypes.Unit.UnitTestAdapter, Microsoft.VisualStudio.QualityTools.Tips.UnitTest.Adapter, Version=10.0.0.0, Culture=neutral, PublicKeyToken=b03f5f7f11d50a3a" className="MyTest.UnitTest1, MyTest, Version=1.0.0.0, Culture=neutral, PublicKeyToken=null" name="TestMethod3" />
    </UnitTest>
    <UnitTest name="TestMethod2" storage="c:\projects\mylib\mytest\bin\debug\mytest.dll" id="cf18fab8-2927-0cd9-a589-2d8d10636953">
      <Execution id="71a24ba3-f29a-43de-ac75-a1721dd23b2b" />
      <TestMethod codeBase="C:/Projects/MyLib/MyTest/bin/Debug/MyTest.DLL" adapterTypeName="Microsoft.VisualStudio.TestTools.TestTypes.Unit.UnitTestAdapter, Microsoft.VisualStudio.QualityTools.Tips.UnitTest.Adapter, Version=10.0.0.0, Culture=neutral, PublicKeyToken=b03f5f7f11d50a3a" className="MyTest.UnitTest1, MyTest, Version=1.0.0.0, Culture=neutral, PublicKeyToken=null" name="TestMethod2" />
    </UnitTest>
    <UnitTest name="TestMethod1" storage="c:\projects\mylib\mytest\bin\debug\mytest.dll" id="a0f80cf8-aa0b-8e1b-9ac0-c4b01b30f2be">
      <Execution id="3d1020ad-85df-4c55-a54e-c478e0a34f07" />
      <TestMethod codeBase="C:/Projects/MyLib/MyTest/bin/Debug/MyTest.DLL" adapterTypeName="Microsoft.VisualStudio.TestTools.TestTypes.Unit.UnitTestAdapter, Microsoft.VisualStudio.QualityTools.Tips.UnitTest.Adapter, Version=10.0.0.0, Culture=neutral, PublicKeyToken=b03f5f7f11d50a3a" className="MyTest.UnitTest1, MyTest, Version=1.0.0.0, Culture=neutral, PublicKeyToken=null" name="TestMethod1" />
    </UnitTest>
  </TestDefinitions>
  <TestLists>
    <TestList name="Results Not in a List" id="8c84fa94-04c1-424b-9868-57a2d4851a1d" />
    <TestList name="All Loaded Results" id="19431567-8539-422a-85d7-44ee4e166bda" />
  </TestLists>
  <TestEntries>
    <TestEntry testId="a0f80cf8-aa0b-8e1b-9ac0-c4b01b30f2be" executionId="3d1020ad-85df-4c55-a54e-c478e0a34f07" testListId="8c84fa94-04c1-424b-9868-57a2d4851a1d" />
    <TestEntry testId="cf18fab8-2927-0cd9-a589-2d8d10636953" executionId="71a24ba3-f29a-43de-ac75-a1721dd23b2b" testListId="8c84fa94-04c1-424b-9868-57a2d4851a1d" />
    <TestEntry testId="099b3509-6376-6e80-75a4-d8a6f6161cef" executionId="07111fd1-420c-496d-b77a-7776826c68a6" testListId="8c84fa94-04c1-424b-9868-57a2d4851a1d" />
  </TestEntries>
  <Results>
    <UnitTestResult executionId="3d1020ad-85df-4c55-a54e-c478e0a34f07" testId="a0f80cf8-aa0b-8e1b-9ac0-c4b01b30f2be" testName="TestMethod1" computerName="M-SKALU-LT" duration="00:00:01.5391044" startTime="2013-08-06T11:00:44.0034345-04:00" endTime="2013-08-06T11:00:46.9830398-04:00" testType="13cdc9d9-ddb5-4fa4-a97d-d965ccfc6d4b" outcome="Passed" testListId="8c84fa94-04c1-424b-9868-57a2d4851a1d" relativeResultsDirectory="3d1020ad-85df-4c55-a54e-c478e0a34f07">
    </UnitTestResult>
    <UnitTestResult executionId="71a24ba3-f29a-43de-ac75-a1721dd23b2b" testId="cf18fab8-2927-0cd9-a589-2d8d10636953" testName="TestMethod2" computerName="M-SKALU-LT" duration="00:00:01.5756695" startTime="2013-08-06T11:00:46.9986398-04:00" endTime="2013-08-06T11:00:48.5898426-04:00" testType="13cdc9d9-ddb5-4fa4-a97d-d965ccfc6d4b" outcome="Passed" testListId="8c84fa94-04c1-424b-9868-57a2d4851a1d" relativeResultsDirectory="71a24ba3-f29a-43de-ac75-a1721dd23b2b">
    </UnitTestResult>
    <UnitTestResult executionId="07111fd1-420c-496d-b77a-7776826c68a6" testId="099b3509-6376-6e80-75a4-d8a6f6161cef" testName="TestMethod3" computerName="M-SKALU-LT" duration="00:00:03.7823588" startTime="2013-08-06T11:00:48.6054426-04:00" endTime="2013-08-06T11:00:52.3876626-04:00" testType="13cdc9d9-ddb5-4fa4-a97d-d965ccfc6d4b" outcome="Passed" testListId="8c84fa94-04c1-424b-9868-57a2d4851a1d" relativeResultsDirectory="07111fd1-420c-496d-b77a-7776826c68a6">
    </UnitTestResult>
  </Results>
</TestRun>