<?xml version="1.0" encoding="UTF-8"?>
<TestRun id="44f94d75-b0f0-45fa-91d9-e07eb3bbb00c" name="senthurans@M-SKALU-LT 2013-08-06 10:54:48" runUser="PRIVERUS\senthurans" xmlns="http://microsoft.com/schemas/VisualStudio/TeamTest/2010">
  <TestSettings name="Local" id="b29f986e-3e84-4d7d-8dfc-b37bec7f3afd">
    <Description>These are default test settings for a local test run.</Description>
    <Deployment enabled="false" runDeploymentRoot="senthurans_M-SKALU-LT 2013-08-06 10_54_48">
      <DeploymentItem filename="C:\Projects\MyLib\MyLib\bin\Debug\MyLib.dll" />
    </Deployment>
    <Execution>
      <TestTypeSpecific />
      <AgentRule name="Execution Agents">
      </AgentRule>
    </Execution>
  </TestSettings>
  <Times creation="2013-08-06T10:54:48.4623767-04:00" queuing="2013-08-06T10:54:49.6791789-04:00" start="2013-08-06T10:54:49.8819792-04:00" finish="2013-08-06T10:55:32.4734767-04:00" />
  <ResultSummary outcome="Completed">
    <Counters total="2" executed="2" passed="2" error="0" failed="0" timeout="0" aborted="0" inconclusive="0" passedButRunAborted="0" notRunnable="0" notExecuted="0" disconnected="0" warning="0" completed="0" inProgress="0" pending="0" />
  </ResultSummary>
  <TestDefinitions>
    <UnitTest name="TestMethod2" storage="c:\projects\mylib\mytest\bin\debug\mytest.dll" id="cf18fab8-2927-0cd9-a589-2d8d10636953">
      <Execution id="1d07f435-1a3b-4bfb-a9f5-10b458e6d99e" />
      <TestMethod codeBase="C:/Projects/MyLib/MyTest/bin/Debug/MyTest.DLL" adapterTypeName="Microsoft.VisualStudio.TestTools.TestTypes.Unit.UnitTestAdapter, Microsoft.VisualStudio.QualityTools.Tips.UnitTest.Adapter, Version=10.0.0.0, Culture=neutral, PublicKeyToken=b03f5f7f11d50a3a" className="MyTest.UnitTest1, MyTest, Version=1.0.0.0, Culture=neutral, PublicKeyToken=null" name="TestMethod2" />
    </UnitTest>
    <UnitTest name="TestMethod1" storage="c:\projects\mylib\mytest\bin\debug\mytest.dll" id="a0f80cf8-aa0b-8e1b-9ac0-c4b01b30f2be">
      <Execution id="35fe5da5-0675-4e4e-a041-b5befbcde153" />
      <TestMethod codeBase="C:/Projects/MyLib/MyTest/bin/Debug/MyTest.DLL" adapterTypeName="Microsoft.VisualStudio.TestTools.TestTypes.Unit.UnitTestAdapter, Microsoft.VisualStudio.QualityTools.Tips.UnitTest.Adapter, Version=10.0.0.0, Culture=neutral, PublicKeyToken=b03f5f7f11d50a3a" className="MyTest.UnitTest1, MyTest, Version=1.0.0.0, Culture=neutral, PublicKeyToken=null" name="TestMethod1" />
    </UnitTest>
  </TestDefinitions>
  <TestLists>
    <TestList name="Results Not in a List" id="8c84fa94-04c1-424b-9868-57a2d4851a1d" />
    <TestList name="All Loaded Results" id="19431567-8539-422a-85d7-44ee4e166bda" />
  </TestLists>
  <TestEntries>
    <TestEntry testId="a0f80cf8-aa0b-8e1b-9ac0-c4b01b30f2be" executionId="35fe5da5-0675-4e4e-a041-b5befbcde153" testListId="8c84fa94-04c1-424b-9868-57a2d4851a1d" />
    <TestEntry testId="cf18fab8-2927-0cd9-a589-2d8d10636953" executionId="1d07f435-1a3b-4bfb-a9f5-10b458e6d99e" testListId="8c84fa94-04c1-424b-9868-57a2d4851a1d" />
  </TestEntries>
  <Results>
    <UnitTestResult executionId="35fe5da5-0675-4e4e-a041-b5befbcde153" testId="a0f80cf8-aa0b-8e1b-9ac0-c4b01b30f2be" testName="TestMethod1" computerName="M-SKALU-LT" duration="00:00:10.1636502" startTime="2013-08-06T10:54:50.5215803-04:00" endTime="2013-08-06T10:55:02.1280007-04:00" testType="13cdc9d9-ddb5-4fa4-a97d-d965ccfc6d4b" outcome="Passed" testListId="8c84fa94-04c1-424b-9868-57a2d4851a1d" relativeResultsDirectory="35fe5da5-0675-4e4e-a041-b5befbcde153">
    </UnitTestResult>
    <UnitTestResult executionId="1d07f435-1a3b-4bfb-a9f5-10b458e6d99e" testId="cf18fab8-2927-0cd9-a589-2d8d10636953" testName="TestMethod2" computerName="M-SKALU-LT" duration="00:00:29.9700326" startTime="2013-08-06T10:55:02.1436007-04:00" endTime="2013-08-06T10:55:32.3486765-04:00" testType="13cdc9d9-ddb5-4fa4-a97d-d965ccfc6d4b" outcome="Passed" testListId="8c84fa94-04c1-424b-9868-57a2d4851a1d" relativeResultsDirectory="1d07f435-1a3b-4bfb-a9f5-10b458e6d99e">
    </UnitTestResult>
  </Results>
</TestRun>