<?xml version="1.0" encoding="UTF-8"?>
<TestRun id="6b32df3a-486b-4f80-bfe7-1ede40a79293" name="senthurans@M-SKALU-LT 2013-08-06 10:50:59" runUser="PRIVERUS\senthurans" xmlns="http://microsoft.com/schemas/VisualStudio/TeamTest/2010">
  <TestSettings name="Local" id="b29f986e-3e84-4d7d-8dfc-b37bec7f3afd">
    <Description>These are default test settings for a local test run.</Description>
    <Deployment enabled="false" runDeploymentRoot="senthurans_M-SKALU-LT 2013-08-06 10_50_59">
      <DeploymentItem filename="C:\Projects\MyLib\MyLib\bin\Debug\MyLib.dll" />
    </Deployment>
    <Execution>
      <TestTypeSpecific />
      <AgentRule name="Execution Agents">
      </AgentRule>
    </Execution>
  </TestSettings>
  <Times creation="2013-08-06T10:50:59.5961882-04:00" queuing="2013-08-06T10:51:00.8129904-04:00" start="2013-08-06T10:51:01.0157907-04:00" finish="2013-08-06T10:51:05.1965981-04:00" />
  <ResultSummary outcome="Error">
    <Counters total="2" executed="1" error="0" failed="0" timeout="0" aborted="1" inconclusive="0" passedButRunAborted="0" notRunnable="0" notExecuted="1" disconnected="0" warning="0" passed="0" completed="0" inProgress="0" pending="0" />
    <RunInfos>
      <RunInfo computerName="M-SKALU-LT" outcome="Error" timestamp="2013-08-06T10:51:05.1965981-04:00">
        <Text>Test host process exited unexpectedly.</Text>
      </RunInfo>
    </RunInfos>
  </ResultSummary>
  <TestDefinitions>
    <UnitTest name="TestMethod2" storage="c:\projects\mylib\mytest\bin\debug\mytest.dll" id="cf18fab8-2927-0cd9-a589-2d8d10636953">
      <Execution id="ac5e7854-2885-464e-9332-d0992b46f594" />
      <TestMethod codeBase="C:/Projects/MyLib/MyTest/bin/Debug/MyTest.DLL" adapterTypeName="Microsoft.VisualStudio.TestTools.TestTypes.Unit.UnitTestAdapter, Microsoft.VisualStudio.QualityTools.Tips.UnitTest.Adapter, Version=10.0.0.0, Culture=neutral, PublicKeyToken=b03f5f7f11d50a3a" className="MyTest.UnitTest1, MyTest, Version=1.0.0.0, Culture=neutral, PublicKeyToken=null" name="TestMethod2" />
    </UnitTest>
    <UnitTest name="TestMethod1" storage="c:\projects\mylib\mytest\bin\debug\mytest.dll" id="a0f80cf8-aa0b-8e1b-9ac0-c4b01b30f2be">
      <Execution id="0fdd8a43-7ef9-4391-90d5-41a6c2b71bb2" />
      <TestMethod codeBase="C:/Projects/MyLib/MyTest/bin/Debug/MyTest.DLL" adapterTypeName="Microsoft.VisualStudio.TestTools.TestTypes.Unit.UnitTestAdapter, Microsoft.VisualStudio.QualityTools.Tips.UnitTest.Adapter, Version=10.0.0.0, Culture=neutral, PublicKeyToken=b03f5f7f11d50a3a" className="MyTest.UnitTest1, MyTest, Version=1.0.0.0, Culture=neutral, PublicKeyToken=null" name="TestMethod1" />
    </UnitTest>
  </TestDefinitions>
  <TestLists>
    <TestList name="Results Not in a List" id="8c84fa94-04c1-424b-9868-57a2d4851a1d" />
    <TestList name="All Loaded Results" id="19431567-8539-422a-85d7-44ee4e166bda" />
  </TestLists>
  <TestEntries>
    <TestEntry testId="a0f80cf8-aa0b-8e1b-9ac0-c4b01b30f2be" executionId="0fdd8a43-7ef9-4391-90d5-41a6c2b71bb2" testListId="8c84fa94-04c1-424b-9868-57a2d4851a1d" />
    <TestEntry testId="cf18fab8-2927-0cd9-a589-2d8d10636953" executionId="ac5e7854-2885-464e-9332-d0992b46f594" testListId="8c84fa94-04c1-424b-9868-57a2d4851a1d" />
  </TestEntries>
  <Results>
    <UnitTestResult executionId="0fdd8a43-7ef9-4391-90d5-41a6c2b71bb2" testId="a0f80cf8-aa0b-8e1b-9ac0-c4b01b30f2be" testName="TestMethod1" computerName="M-SKALU-LT" duration="00:00:03.5100062" startTime="2013-08-06T10:51:01.6865919-04:00" endTime="2013-08-06T10:51:05.1965981-04:00" testType="13cdc9d9-ddb5-4fa4-a97d-d965ccfc6d4b" outcome="Aborted" testListId="8c84fa94-04c1-424b-9868-57a2d4851a1d" relativeResultsDirectory="0fdd8a43-7ef9-4391-90d5-41a6c2b71bb2">
    </UnitTestResult>
    <UnitTestResult executionId="ac5e7854-2885-464e-9332-d0992b46f594" testId="cf18fab8-2927-0cd9-a589-2d8d10636953" testName="TestMethod2" computerName="M-SKALU-LT" testType="13cdc9d9-ddb5-4fa4-a97d-d965ccfc6d4b" outcome="NotExecuted" testListId="8c84fa94-04c1-424b-9868-57a2d4851a1d" relativeResultsDirectory="ac5e7854-2885-464e-9332-d0992b46f594">
    </UnitTestResult>
  </Results>
</TestRun>