<?xml version="1.0" encoding="UTF-8"?>
<TestRun id="8c30f1b0-98f7-4b37-9cdf-04c4f5b46f1f" name="senthurans@M-SKALU-LT 2013-08-06 10:34:39" runUser="PRIVERUS\senthurans" xmlns="http://microsoft.com/schemas/VisualStudio/TeamTest/2010">
  <TestSettings name="Local" id="b29f986e-3e84-4d7d-8dfc-b37bec7f3afd">
    <Description>These are default test settings for a local test run.</Description>
    <Deployment enabled="false" runDeploymentRoot="senthurans_M-SKALU-LT 2013-08-06 10_34_39">
      <DeploymentItem filename="C:\Projects\MyLib\MyLib\bin\Debug\MyLib.dll" />
    </Deployment>
    <Execution>
      <TestTypeSpecific />
      <AgentRule name="Execution Agents">
      </AgentRule>
    </Execution>
  </TestSettings>
  <Times creation="2013-08-06T10:34:39.5892597-04:00" queuing="2013-08-06T10:34:40.7592618-04:00" start="2013-08-06T10:34:40.9464621-04:00" finish="2013-08-06T10:34:57.4512911-04:00" />
  <ResultSummary outcome="Completed">
    <Counters total="1" executed="1" passed="1" error="0" failed="0" timeout="0" aborted="0" inconclusive="0" passedButRunAborted="0" notRunnable="0" notExecuted="0" disconnected="0" warning="0" completed="0" inProgress="0" pending="0" />
  </ResultSummary>
  <TestDefinitions>
    <UnitTest name="TestMethod1" storage="c:\projects\mylib\mytest\bin\debug\mytest.dll" id="a0f80cf8-aa0b-8e1b-9ac0-c4b01b30f2be">
      <Execution id="7df778e6-da7c-4baa-bbed-d595f863af3f" />
      <TestMethod codeBase="C:/Projects/MyLib/MyTest/bin/Debug/MyTest.DLL" adapterTypeName="Microsoft.VisualStudio.TestTools.TestTypes.Unit.UnitTestAdapter, Microsoft.VisualStudio.QualityTools.Tips.UnitTest.Adapter, Version=10.0.0.0, Culture=neutral, PublicKeyToken=b03f5f7f11d50a3a" className="MyTest.UnitTest1, MyTest, Version=1.0.0.0, Culture=neutral, PublicKeyToken=null" name="TestMethod1" />
    </UnitTest>
  </TestDefinitions>
  <TestLists>
    <TestList name="Results Not in a List" id="8c84fa94-04c1-424b-9868-57a2d4851a1d" />
    <TestList name="All Loaded Results" id="19431567-8539-422a-85d7-44ee4e166bda" />
  </TestLists>
  <TestEntries>
    <TestEntry testId="a0f80cf8-aa0b-8e1b-9ac0-c4b01b30f2be" executionId="7df778e6-da7c-4baa-bbed-d595f863af3f" testListId="8c84fa94-04c1-424b-9868-57a2d4851a1d" />
  </TestEntries>
  <Results>
    <UnitTestResult executionId="7df778e6-da7c-4baa-bbed-d595f863af3f" testId="a0f80cf8-aa0b-8e1b-9ac0-c4b01b30f2be" testName="TestMethod1" computerName="M-SKALU-LT" duration="00:00:14.1068084" startTime="2013-08-06T10:34:41.5860632-04:00" endTime="2013-08-06T10:34:57.2172907-04:00" testType="13cdc9d9-ddb5-4fa4-a97d-d965ccfc6d4b" outcome="Passed" testListId="8c84fa94-04c1-424b-9868-57a2d4851a1d" relativeResultsDirectory="7df778e6-da7c-4baa-bbed-d595f863af3f">
    </UnitTestResult>
  </Results>
</TestRun>